#
# An unexpected error has been detected by Java Runtime Environment:
#
#  SIGSEGV (0xb) at pc=0xb50e15ce, pid=12532, tid=3084024720
#
# Java VM: Java HotSpot(TM) Client VM (11.2-b01 mixed mode, sharing linux-x86)
# Problematic frame:
# C  [libqtjambi.so+0x175ce]  _Z20qtjambi_from_qstringP7JNIEnv_RK7QString+0xe
#
# If you would like to submit a bug report, please visit:
#   http://java.sun.com/webapps/bugreport/crash.jsp
# The crash happened outside the Java Virtual Machine in native code.
# See problematic frame for where to report the bug.
#

---------------  T H R E A D  ---------------

Current thread (0x0888d800):  JavaThread "main" [_thread_in_native, id=12534, stack(0xb7cd7000,0xb7d28000)]

siginfo:si_signo=SIGSEGV: si_errno=0, si_code=1 (SEGV_MAPERR), si_addr=0x00000000

Registers:
EAX=0x08b29938, EBX=0xb510a210, ECX=0x00000000, EDX=0xb7d26a58
ESP=0xb7d269ec, EBP=0xb7d269f8, ESI=0x08aa9648, EDI=0xb7d26a58
EIP=0xb50e15ce, CR2=0x00000000, EFLAGS=0x00010292

Top of Stack: (sp=0xb7d269ec)
0xb7d269ec:   b510a210 08aa9648 b7d26a58 b7d26ab8
0xb7d269fc:   b50e9be1 00000000 b7d26a58 b7d26ab8
0xb7d26a0c:   b50e9b95 0000000e b7d26920 b7d26a58
0xb7d26a1c:   010101ae b7d26adc 00000000 08b2f251
0xb7d26a2c:   08b2f240 08b29250 00000005 00000007
0xb7d26a3c:   08bf9c68 08b15798 08b15798 08b2f250
0xb7d26a4c:   b7ea7160 00000038 b7ea7160 08b29938
0xb7d26a5c:   08bf9c58 08b2f240 08bf9c58 b7d26a88 

Instructions: (pc=0xb50e15ce)
0xb50e15be:   c3 90 55 89 e5 83 ec 0c 8b 4d 08 8b 45 0c 8b 00
0xb50e15ce:   8b 11 ff 70 08 8b 40 0c 50 51 ff 92 8c 02 00 00 

Stack: [0xb7cd7000,0xb7d28000],  sp=0xb7d269ec,  free space=318k
Native frames: (J=compiled Java code, j=interpreted, Vv=VM code, C=native code)
C  [libqtjambi.so+0x175ce]  _Z20qtjambi_from_qstringP7JNIEnv_RK7QString+0xe
C  [libqtjambi.so+0x1fbe1]
C  [libqtjambi.so+0x2064d]
C  [libqtjambi.so+0x20884]
C  [libqtjambi.so+0x20c90]  _Z20qtjambi_from_qobjectP7JNIEnv_P7QObjectPKcS4_+0x340
C  [libcom_trolltech_qt_core.so+0xe60f9]  Java_com_trolltech_qt_core_QObject__1_1qt_1children__J+0x109
j  com.trolltech.qt.core.QObject.__qt_children(J)Ljava/util/List;+0
j  com.trolltech.qt.core.QObject.children()Ljava/util/List;+51
j  com.trolltech.qt.internal.QtJambiInternal.findChildren(Lcom/trolltech/qt/core/QObject;Ljava/lang/Class;Lcom/trolltech/qt/core/QRegExp;)Ljava/util/List;+1
j  com.trolltech.qt.core.QObject.findChildren(Ljava/lang/Class;Lcom/trolltech/qt/core/QRegExp;)Ljava/util/List;+3
j  com.trolltech.qt.internal.QtJambiInternal.findChildren(Lcom/trolltech/qt/core/QObject;Ljava/lang/Class;Lcom/trolltech/qt/core/QRegExp;)Ljava/util/List;+92
j  com.trolltech.qt.core.QObject.findChildren(Ljava/lang/Class;Lcom/trolltech/qt/core/QRegExp;)Ljava/util/List;+3
j  com.trolltech.qt.internal.QtJambiInternal.findChildren(Lcom/trolltech/qt/core/QObject;Ljava/lang/Class;Lcom/trolltech/qt/core/QRegExp;)Ljava/util/List;+92
j  com.trolltech.qt.core.QObject.findChildren(Ljava/lang/Class;Lcom/trolltech/qt/core/QRegExp;)Ljava/util/List;+3
j  com.trolltech.qt.internal.QtJambiInternal.findChildren(Lcom/trolltech/qt/core/QObject;Ljava/lang/Class;Lcom/trolltech/qt/core/QRegExp;)Ljava/util/List;+92
j  com.trolltech.qt.core.QObject.findChildren(Ljava/lang/Class;Lcom/trolltech/qt/core/QRegExp;)Ljava/util/List;+3
j  com.trolltech.qt.internal.QtJambiInternal.findChildren(Lcom/trolltech/qt/core/QObject;Ljava/lang/Class;Lcom/trolltech/qt/core/QRegExp;)Ljava/util/List;+92
j  com.trolltech.qt.core.QObject.findChildren(Ljava/lang/Class;Lcom/trolltech/qt/core/QRegExp;)Ljava/util/List;+3
j  com.trolltech.qt.internal.QtJambiInternal.findChildren(Lcom/trolltech/qt/core/QObject;Ljava/lang/Class;Lcom/trolltech/qt/core/QRegExp;)Ljava/util/List;+92
j  com.trolltech.qt.core.QObject.findChildren(Ljava/lang/Class;Lcom/trolltech/qt/core/QRegExp;)Ljava/util/List;+3
j  com.trolltech.qt.core.QObject.findChildren()Ljava/util/List;+6
j  com.trolltech.qt.internal.QtJambiInternal.connectSlotsByName(Lcom/trolltech/qt/core/QObject;)V+1
j  com.trolltech.qt.core.QObject.connectSlotsByName()V+1
j  tablalr1.Ui_MainWindow.setupUi(Lcom/trolltech/qt/gui/QMainWindow;)V+864
j  tablalr1.Main.<init>()V+20
j  tablalr1.Main.main([Ljava/lang/String;)V+8
v  ~StubRoutines::call_stub
V  [libjvm.so+0x21b25d]
V  [libjvm.so+0x30f998]
V  [libjvm.so+0x21b0f0]
V  [libjvm.so+0x2448a6]
V  [libjvm.so+0x2360a8]
C  [java+0x1b98]  JavaMain+0x2c8
C  [libpthread.so.0+0x64c0]

Java frames: (J=compiled Java code, j=interpreted, Vv=VM code)
j  com.trolltech.qt.core.QObject.__qt_children(J)Ljava/util/List;+0
j  com.trolltech.qt.core.QObject.children()Ljava/util/List;+51
j  com.trolltech.qt.internal.QtJambiInternal.findChildren(Lcom/trolltech/qt/core/QObject;Ljava/lang/Class;Lcom/trolltech/qt/core/QRegExp;)Ljava/util/List;+1
j  com.trolltech.qt.core.QObject.findChildren(Ljava/lang/Class;Lcom/trolltech/qt/core/QRegExp;)Ljava/util/List;+3
j  com.trolltech.qt.internal.QtJambiInternal.findChildren(Lcom/trolltech/qt/core/QObject;Ljava/lang/Class;Lcom/trolltech/qt/core/QRegExp;)Ljava/util/List;+92
j  com.trolltech.qt.core.QObject.findChildren(Ljava/lang/Class;Lcom/trolltech/qt/core/QRegExp;)Ljava/util/List;+3
j  com.trolltech.qt.internal.QtJambiInternal.findChildren(Lcom/trolltech/qt/core/QObject;Ljava/lang/Class;Lcom/trolltech/qt/core/QRegExp;)Ljava/util/List;+92
j  com.trolltech.qt.core.QObject.findChildren(Ljava/lang/Class;Lcom/trolltech/qt/core/QRegExp;)Ljava/util/List;+3
j  com.trolltech.qt.internal.QtJambiInternal.findChildren(Lcom/trolltech/qt/core/QObject;Ljava/lang/Class;Lcom/trolltech/qt/core/QRegExp;)Ljava/util/List;+92
j  com.trolltech.qt.core.QObject.findChildren(Ljava/lang/Class;Lcom/trolltech/qt/core/QRegExp;)Ljava/util/List;+3
j  com.trolltech.qt.internal.QtJambiInternal.findChildren(Lcom/trolltech/qt/core/QObject;Ljava/lang/Class;Lcom/trolltech/qt/core/QRegExp;)Ljava/util/List;+92
j  com.trolltech.qt.core.QObject.findChildren(Ljava/lang/Class;Lcom/trolltech/qt/core/QRegExp;)Ljava/util/List;+3
j  com.trolltech.qt.internal.QtJambiInternal.findChildren(Lcom/trolltech/qt/core/QObject;Ljava/lang/Class;Lcom/trolltech/qt/core/QRegExp;)Ljava/util/List;+92
j  com.trolltech.qt.core.QObject.findChildren(Ljava/lang/Class;Lcom/trolltech/qt/core/QRegExp;)Ljava/util/List;+3
j  com.trolltech.qt.core.QObject.findChildren()Ljava/util/List;+6
j  com.trolltech.qt.internal.QtJambiInternal.connectSlotsByName(Lcom/trolltech/qt/core/QObject;)V+1
j  com.trolltech.qt.core.QObject.connectSlotsByName()V+1
j  tablalr1.Ui_MainWindow.setupUi(Lcom/trolltech/qt/gui/QMainWindow;)V+864
j  tablalr1.Main.<init>()V+20
j  tablalr1.Main.main([Ljava/lang/String;)V+8
v  ~StubRoutines::call_stub

---------------  P R O C E S S  ---------------

Java Threads: ( => current thread )
  0x08b5c400 JavaThread "SIGTERM handler" daemon [_thread_blocked, id=12556, stack(0xb36e8000,0xb3739000)]
  0x089ac000 JavaThread "Thread-0" daemon [_thread_blocked, id=12550, stack(0xb5079000,0xb50ca000)]
  0x088c5000 JavaThread "Low Memory Detector" daemon [_thread_blocked, id=12546, stack(0xb57c4000,0xb5815000)]
  0x088c2000 JavaThread "CompilerThread0" daemon [_thread_blocked, id=12544, stack(0xb5815000,0xb5896000)]
  0x088c0400 JavaThread "Signal Dispatcher" daemon [_thread_blocked, id=12542, stack(0xb5896000,0xb58e7000)]
  0x088bb000 JavaThread "Finalizer" daemon [_thread_blocked, id=12540, stack(0xb5a21000,0xb5a72000)]
  0x088b6400 JavaThread "Reference Handler" daemon [_thread_blocked, id=12538, stack(0xb5a72000,0xb5ac3000)]
=>0x0888d800 JavaThread "main" [_thread_in_native, id=12534, stack(0xb7cd7000,0xb7d28000)]

Other Threads:
  0x088b4800 VMThread [stack: 0xb5ac3000,0xb5b44000] [id=12536]
  0x088d8c00 WatcherThread [stack: 0xb5743000,0xb57c4000] [id=12548]

VM state:not at safepoint (normal execution)

VM Mutex/Monitor currently owned by a thread: None

Heap
 def new generation   total 960K, used 127K [0x8c0b0000, 0x8c1b0000, 0x8c590000)
  eden space 896K,  10% used [0x8c0b0000, 0x8c0c67f0, 0x8c190000)
  from space 64K,  58% used [0x8c1a0000, 0x8c1a9590, 0x8c1b0000)
  to   space 64K,   0% used [0x8c190000, 0x8c190000, 0x8c1a0000)
 tenured generation   total 4096K, used 502K [0x8c590000, 0x8c990000, 0x900b0000)
   the space 4096K,  12% used [0x8c590000, 0x8c60da78, 0x8c60dc00, 0x8c990000)
 compacting perm gen  total 12288K, used 3957K [0x900b0000, 0x90cb0000, 0x940b0000)
   the space 12288K,  32% used [0x900b0000, 0x9048d6d8, 0x9048d800, 0x90cb0000)
    ro space 8192K,  74% used [0x940b0000, 0x946a80d8, 0x946a8200, 0x948b0000)
    rw space 12288K,  58% used [0x948b0000, 0x94fc3618, 0x94fc3800, 0x954b0000)

Dynamic libraries:
06000000-0642a000 r-xp 00000000 08:02 622322     /usr/lib/jvm/java-6-sun-1.6.0.12/jre/lib/i386/client/libjvm.so
0642a000-06444000 rwxp 0042a000 08:02 622322     /usr/lib/jvm/java-6-sun-1.6.0.12/jre/lib/i386/client/libjvm.so
06444000-06864000 rwxp 06444000 00:00 0 
08048000-08052000 r-xp 00000000 08:02 760882     /usr/lib/jvm/java-6-sun-1.6.0.12/jre/bin/java
08052000-08053000 rwxp 00009000 08:02 760882     /usr/lib/jvm/java-6-sun-1.6.0.12/jre/bin/java
08888000-08c21000 rwxp 08888000 00:00 0          [heap]
8c0b0000-8c1b0000 rwxp 8c0b0000 00:00 0 
8c1b0000-8c590000 rwxp 8c1b0000 00:00 0 
8c590000-8c990000 rwxp 8c590000 00:00 0 
8c990000-900b0000 rwxp 8c990000 00:00 0 
900b0000-90cb0000 rwxp 900b0000 00:00 0 
90cb0000-940b0000 rwxp 90cb0000 00:00 0 
940b0000-946a9000 r-xs 00001000 08:02 621710     /usr/lib/jvm/java-6-sun-1.6.0.12/jre/lib/i386/client/classes.jsa
946a9000-948b0000 rwxp 946a9000 00:00 0 
948b0000-94fc4000 rwxp 005fa000 08:02 621710     /usr/lib/jvm/java-6-sun-1.6.0.12/jre/lib/i386/client/classes.jsa
94fc4000-954b0000 rwxp 94fc4000 00:00 0 
954b0000-9558c000 rwxp 00d0e000 08:02 621710     /usr/lib/jvm/java-6-sun-1.6.0.12/jre/lib/i386/client/classes.jsa
9558c000-958b0000 rwxp 9558c000 00:00 0 
958b0000-958b4000 r-xs 00dea000 08:02 621710     /usr/lib/jvm/java-6-sun-1.6.0.12/jre/lib/i386/client/classes.jsa
958b4000-95cb0000 rwxp 958b4000 00:00 0 
b3697000-b369a000 rwxp b3697000 00:00 0 
b369a000-b36e8000 rwxp b369a000 00:00 0 
b36e8000-b36eb000 ---p b36e8000 00:00 0 
b36eb000-b3739000 rwxp b36eb000 00:00 0 
b3739000-b3782000 r-xp 00000000 08:02 2346582    /usr/lib/libORBit-2.so.0.1.0
b3782000-b378b000 rwxp 00049000 08:02 2346582    /usr/lib/libORBit-2.so.0.1.0
b378b000-b378c000 rwxp b378b000 00:00 0 
b378c000-b37bb000 r-xp 00000000 08:02 2346595    /usr/lib/libgconf-2.so.4.1.5
b37bb000-b37be000 rwxp 0002e000 08:02 2346595    /usr/lib/libgconf-2.so.4.1.5
b37be000-b37f9000 r-xp 00000000 08:02 121838     /usr/lib/libgobject-2.0.so.0.1600.6
b37f9000-b37fa000 rwxp 0003b000 08:02 121838     /usr/lib/libgobject-2.0.so.0.1600.6
b3814000-b38a9000 r-xp 00000000 08:02 213389     /usr/share/fonts/truetype/ttf-dejavu/DejaVuSans.ttf
b38a9000-b38b0000 r-xp 00000000 08:02 114604     /usr/lib/libXi.so.6.0.0
b38b0000-b38b1000 rwxp 00007000 08:02 114604     /usr/lib/libXi.so.6.0.0
b38b1000-b38b3000 r-xp 00000000 08:02 122018     /usr/lib/libXinerama.so.1.0.0
b38b3000-b38b4000 rwxp 00001000 08:02 122018     /usr/lib/libXinerama.so.1.0.0
b38b4000-b38bc000 r-xp 00000000 08:02 121833     /usr/lib/libXcursor.so.1.0.2
b38bc000-b38bd000 rwxp 00007000 08:02 121833     /usr/lib/libXcursor.so.1.0.2
b38bd000-b38c1000 r-xp 00000000 08:02 121811     /usr/lib/libXfixes.so.3.1.0
b38c1000-b38c2000 rwxp 00003000 08:02 121811     /usr/lib/libXfixes.so.3.1.0
b38c2000-b38c7000 r-xp 00000000 08:02 122084     /usr/lib/libXrandr.so.2.1.0
b38c7000-b38c8000 rwxp 00005000 08:02 122084     /usr/lib/libXrandr.so.2.1.0
b38de000-b38e1000 r-xp 00000000 08:02 121840     /usr/lib/libgmodule-2.0.so.0.1600.6
b38e1000-b38e2000 rwxp 00002000 08:02 121840     /usr/lib/libgmodule-2.0.so.0.1600.6
b38e2000-b38e5000 r-xs 00000000 08:02 1366804    /var/cache/fontconfig/5e10083637a12ecd1bff191eb66bfa2f-x86.cache-2
b38e5000-b38ee000 r-xs 00000000 08:02 1366805    /var/cache/fontconfig/945677eb7aeaf62f1d50efc3fb3ec7d8-x86.cache-2
b38ee000-b38f2000 r-xs 00000000 08:02 1367040    /var/cache/fontconfig/926e794c3d5e5dffcaf2fa83ef8d36c2-x86.cache-2
b38f2000-b38f5000 r-xs 00000000 08:02 1367248    /var/cache/fontconfig/6eb3985aa4124903f6ff08ba781cd364-x86.cache-2
b38f5000-b38fc000 r-xs 00000000 08:02 1366830    /var/cache/fontconfig/6d41288fd70b0be22e8c3a91e032eec0-x86.cache-2
b38fc000-b391e000 r-xs 00000000 08:02 1366996    /var/cache/fontconfig/365b55f210c0a22e9a19e35191240f32-x86.cache-2
b391e000-b3920000 r-xs 00000000 08:02 1366799    /var/cache/fontconfig/2c5ba8142dffc8bf0377700342b8ca1a-x86.cache-2
b3920000-b392f000 r-xs 00000000 08:02 1366809    /var/cache/fontconfig/e13b20fdb08344e0e664864cc2ede53d-x86.cache-2
b392f000-b3932000 r-xs 00000000 08:02 1366808    /var/cache/fontconfig/ba022efc551c75e21c690774bbcf5304-x86.cache-2
b3932000-b4308000 r-xp 00000000 08:02 526244     /tmp/QtJambi_iamedu_i386_4.5.0_01_gcc-20090310-1022/lib/libcom_trolltech_qt_gui.so
b4308000-b4333000 rwxp 009d5000 08:02 526244     /tmp/QtJambi_iamedu_i386_4.5.0_01_gcc-20090310-1022/lib/libcom_trolltech_qt_gui.so
b4333000-b4336000 rwxp b4333000 00:00 0 
b4336000-b433a000 r-xp 00000000 08:02 121803     /usr/lib/libXdmcp.so.6.0.0
b433a000-b433b000 rwxp 00003000 08:02 121803     /usr/lib/libXdmcp.so.6.0.0
b433b000-b4352000 r-xp 00000000 08:02 121805     /usr/lib/libxcb.so.1.0.0
b4352000-b4353000 rwxp 00016000 08:02 121805     /usr/lib/libxcb.so.1.0.0
b4353000-b4354000 r-xp 00000000 08:02 121807     /usr/lib/libxcb-xlib.so.0.0.0
b4354000-b4355000 rwxp 00000000 08:02 121807     /usr/lib/libxcb-xlib.so.0.0.0
b4355000-b4357000 r-xp 00000000 08:02 121801     /usr/lib/libXau.so.6.0.0
b4357000-b4358000 rwxp 00001000 08:02 121801     /usr/lib/libXau.so.6.0.0
b4358000-b437c000 r-xp 00000000 08:02 120564     /usr/lib/libexpat.so.1.5.2
b437c000-b437e000 rwxp 00023000 08:02 120564     /usr/lib/libexpat.so.1.5.2
b437e000-b4469000 r-xp 00000000 08:02 121809     /usr/lib/libX11.so.6.2.0
b4469000-b446d000 rwxp 000ea000 08:02 121809     /usr/lib/libX11.so.6.2.0
b446d000-b447a000 r-xp 00000000 08:02 121822     /usr/lib/libXext.so.6.4.0
b447a000-b447b000 rwxp 0000c000 08:02 121822     /usr/lib/libXext.so.6.4.0
b447b000-b44a5000 r-xp 00000000 08:02 2347503    /usr/lib/libfontconfig.so.1.3.0
b44a5000-b44a6000 rwxp 0002a000 08:02 2347503    /usr/lib/libfontconfig.so.1.3.0
b44a6000-b44ae000 r-xp 00000000 08:02 121831     /usr/lib/libXrender.so.1.3.0
b44ae000-b44af000 rwxp 00007000 08:02 121831     /usr/lib/libXrender.so.1.3.0
b44af000-b44c3000 r-xp 00000000 08:02 121813     /usr/lib/libICE.so.6.3.0
b44c3000-b44c4000 rwxp 00014000 08:02 121813     /usr/lib/libICE.so.6.3.0
b44c4000-b44c6000 rwxp b44c4000 00:00 0 
b44c6000-b44cd000 r-xp 00000000 08:02 121815     /usr/lib/libSM.so.6.0.0
b44cd000-b44ce000 rwxp 00006000 08:02 121815     /usr/lib/libSM.so.6.0.0
b44ce000-b453f000 r-xp 00000000 08:02 118805     /usr/lib/libfreetype.so.6.3.18
b453f000-b4543000 rwxp 00070000 08:02 118805     /usr/lib/libfreetype.so.6.3.18
b4543000-b4566000 r-xp 00000000 08:02 117066     /usr/lib/libpng12.so.0.27.0
b4566000-b4567000 rwxp 00023000 08:02 117066     /usr/lib/libpng12.so.0.27.0
b4567000-b4edf000 r-xp 00000000 08:02 526146     /tmp/QtJambi_iamedu_i386_4.5.0_01_gcc-20090310-1022/lib/libQtGui.so.4
b4edf000-b4f05000 rwxp 00977000 08:02 526146     /tmp/QtJambi_iamedu_i386_4.5.0_01_gcc-20090310-1022/lib/libQtGui.so.4
b4f05000-b4f07000 rwxp b4f05000 00:00 0 
b4f07000-b5071000 r-xp 00000000 08:02 526243     /tmp/QtJambi_iamedu_i386_4.5.0_01_gcc-20090310-1022/lib/libcom_trolltech_qt_core.so
b5071000-b5079000 rwxp 0016a000 08:02 526243     /tmp/QtJambi_iamedu_i386_4.5.0_01_gcc-20090310-1022/lib/libcom_trolltech_qt_core.so
b5079000-b507c000 ---p b5079000 00:00 0 
b507c000-b50ca000 rwxp b507c000 00:00 0 
b50ca000-b510a000 r-xp 00000000 08:02 526241     /tmp/QtJambi_iamedu_i386_4.5.0_01_gcc-20090310-1022/lib/libqtjambi.so
b510a000-b510b000 rwxp 00040000 08:02 526241     /tmp/QtJambi_iamedu_i386_4.5.0_01_gcc-20090310-1022/lib/libqtjambi.so
b510b000-b5133000 r-xp 00000000 08:02 122142     /usr/lib/libpcre.so.3.12.1
b5133000-b5134000 rwxp 00027000 08:02 122142     /usr/lib/libpcre.so.3.12.1
b5134000-b5140000 r-xp 00000000 08:02 973073     /lib/libgcc_s.so.1
b5140000-b5141000 rwxp 0000b000 08:02 973073     /lib/libgcc_s.so.1
b5141000-b521d000 r-xp 00000000 08:02 526144     /tmp/QtJambi_iamedu_i386_4.5.0_01_gcc-20090310-1022/lib/libstdc++.so.6
b521d000-b5222000 rwxp 000dc000 08:02 526144     /tmp/QtJambi_iamedu_i386_4.5.0_01_gcc-20090310-1022/lib/libstdc++.so.6
b5222000-b5227000 rwxp b5222000 00:00 0 
b5227000-b52db000 r-xp 00000000 08:02 121841     /usr/lib/libglib-2.0.so.0.1600.6
b52db000-b52dc000 rwxp 000b4000 08:02 121841     /usr/lib/libglib-2.0.so.0.1600.6
b52dc000-b52e0000 r-xp 00000000 08:02 121837     /usr/lib/libgthread-2.0.so.0.1600.6
b52e0000-b52e1000 rwxp 00003000 08:02 121837     /usr/lib/libgthread-2.0.so.0.1600.6
b52e1000-b52f5000 r-xp 00000000 08:02 116994     /usr/lib/libz.so.1.2.3.3
b52f5000-b52f6000 rwxp 00013000 08:02 116994     /usr/lib/libz.so.1.2.3.3
b52f7000-b5305000 r-xs 00000000 08:02 1366854    /var/cache/fontconfig/865f88548240fee46819705c6468c165-x86.cache-2
b5305000-b5307000 r-xp 00000000 08:02 2355026    /usr/lib/gconv/UTF-16.so
b5307000-b5309000 rwxp 00001000 08:02 2355026    /usr/lib/gconv/UTF-16.so
b5309000-b5310000 r-xs 00000000 08:02 122311     /usr/lib/gconv/gconv-modules.cache
b5310000-b554e000 r-xp 00000000 08:02 526145     /tmp/QtJambi_iamedu_i386_4.5.0_01_gcc-20090310-1022/lib/libQtCore.so.4
b554e000-b5556000 rwxp 0023d000 08:02 526145     /tmp/QtJambi_iamedu_i386_4.5.0_01_gcc-20090310-1022/lib/libQtCore.so.4
b5556000-b558a000 rwxp b5556000 00:00 0 
b558a000-b571c000 r-xs 02f2c000 08:02 613324     /usr/lib/jvm/java-6-sun-1.6.0.12/jre/lib/rt.jar
b571c000-b571e000 r-xs 014b1000 08:04 6720428    /home/iamedu/Escom/compiladores/TablaLR1Cup/lib/QtJambi/qtjambi-linux32-gcc-4.5.0_01.jar
b571e000-b5743000 r-xs 0027d000 08:04 6720429    /home/iamedu/Escom/compiladores/TablaLR1Cup/lib/QtJambi/qtjambi-4.5.0_01.jar
b5743000-b5744000 ---p b5743000 00:00 0 
b5744000-b57c4000 rwxp b5744000 00:00 0 
b57c4000-b57c7000 ---p b57c4000 00:00 0 
b57c7000-b5815000 rwxp b57c7000 00:00 0 
b5815000-b5818000 ---p b5815000 00:00 0 
b5818000-b5896000 rwxp b5818000 00:00 0 
b5896000-b5899000 ---p b5896000 00:00 0 
b5899000-b58e7000 rwxp b5899000 00:00 0 
b58e7000-b5a21000 r-xp 00000000 08:02 130869     /usr/lib/locale/locale-archive
b5a21000-b5a24000 ---p b5a21000 00:00 0 
b5a24000-b5a72000 rwxp b5a24000 00:00 0 
b5a72000-b5a75000 ---p b5a72000 00:00 0 
b5a75000-b5ac3000 rwxp b5a75000 00:00 0 
b5ac3000-b5ac4000 ---p b5ac3000 00:00 0 
b5ac4000-b5b4b000 rwxp b5ac4000 00:00 0 
b5b4b000-b5b65000 rwxp b5b4b000 00:00 0 
b5b65000-b5b68000 rwxp b5b65000 00:00 0 
b5b68000-b5b83000 rwxp b5b68000 00:00 0 
b5b83000-b5b84000 rwxp b5b83000 00:00 0 
b5b84000-b5b85000 rwxp b5b84000 00:00 0 
b5b85000-b5b88000 rwxp b5b85000 00:00 0 
b5b88000-b5ba3000 rwxp b5b88000 00:00 0 
b5ba3000-b5ba9000 rwxp b5ba3000 00:00 0 
b5ba9000-b5bc3000 rwxp b5ba9000 00:00 0 
b5bc3000-b5bd1000 rwxp b5bc3000 00:00 0 
b5bd1000-b5c4e000 rwxp b5bd1000 00:00 0 
b5c4e000-b5cf6000 rwxp b5c4e000 00:00 0 
b5cf6000-b7c4e000 rwxp b5cf6000 00:00 0 
b7c4e000-b7c5d000 r-xp 00000000 08:02 613296     /usr/lib/jvm/java-6-sun-1.6.0.12/jre/lib/i386/libzip.so
b7c5d000-b7c5f000 rwxp 0000e000 08:02 613296     /usr/lib/jvm/java-6-sun-1.6.0.12/jre/lib/i386/libzip.so
b7c5f000-b7c82000 r-xp 00000000 08:02 613302     /usr/lib/jvm/java-6-sun-1.6.0.12/jre/lib/i386/libjava.so
b7c82000-b7c84000 rwxp 00023000 08:02 613302     /usr/lib/jvm/java-6-sun-1.6.0.12/jre/lib/i386/libjava.so
b7c84000-b7c8e000 r-xp 00000000 08:02 981136     /lib/i686/cmov/libnss_files-2.7.so
b7c8e000-b7c90000 rwxp 00009000 08:02 981136     /lib/i686/cmov/libnss_files-2.7.so
b7c90000-b7c99000 r-xp 00000000 08:02 981138     /lib/i686/cmov/libnss_nis-2.7.so
b7c99000-b7c9b000 rwxp 00008000 08:02 981138     /lib/i686/cmov/libnss_nis-2.7.so
b7c9b000-b7cb0000 r-xp 00000000 08:02 981133     /lib/i686/cmov/libnsl-2.7.so
b7cb0000-b7cb2000 rwxp 00014000 08:02 981133     /lib/i686/cmov/libnsl-2.7.so
b7cb2000-b7cb4000 rwxp b7cb2000 00:00 0 
b7cb4000-b7cb6000 r-xs 00011000 08:04 942939     /home/iamedu/Escom/compiladores/TablaLR1Cup/lib/CUP/cup.jar
b7cb6000-b7cc2000 rwxp b7cb6000 00:00 0 
b7cc2000-b7ccd000 r-xp 00000000 08:02 613289     /usr/lib/jvm/java-6-sun-1.6.0.12/jre/lib/i386/libverify.so
b7ccd000-b7cce000 rwxp 0000b000 08:02 613289     /usr/lib/jvm/java-6-sun-1.6.0.12/jre/lib/i386/libverify.so
b7cce000-b7cd5000 r-xp 00000000 08:02 981145     /lib/i686/cmov/librt-2.7.so
b7cd5000-b7cd7000 rwxp 00006000 08:02 981145     /lib/i686/cmov/librt-2.7.so
b7cd7000-b7cda000 ---p b7cd7000 00:00 0 
b7cda000-b7d28000 rwxp b7cda000 00:00 0 
b7d28000-b7d4c000 r-xp 00000000 08:02 981131     /lib/i686/cmov/libm-2.7.so
b7d4c000-b7d4e000 rwxp 00023000 08:02 981131     /lib/i686/cmov/libm-2.7.so
b7d4e000-b7d4f000 rwxp b7d4e000 00:00 0 
b7d4f000-b7ea4000 r-xp 00000000 08:02 981125     /lib/i686/cmov/libc-2.7.so
b7ea4000-b7ea5000 r-xp 00155000 08:02 981125     /lib/i686/cmov/libc-2.7.so
b7ea5000-b7ea7000 rwxp 00156000 08:02 981125     /lib/i686/cmov/libc-2.7.so
b7ea7000-b7eaa000 rwxp b7ea7000 00:00 0 
b7eaa000-b7eac000 r-xp 00000000 08:02 981129     /lib/i686/cmov/libdl-2.7.so
b7eac000-b7eae000 rwxp 00001000 08:02 981129     /lib/i686/cmov/libdl-2.7.so
b7eae000-b7eb5000 r-xp 00000000 08:02 622309     /usr/lib/jvm/java-6-sun-1.6.0.12/jre/lib/i386/jli/libjli.so
b7eb5000-b7eb7000 rwxp 00006000 08:02 622309     /usr/lib/jvm/java-6-sun-1.6.0.12/jre/lib/i386/jli/libjli.so
b7eb7000-b7eb8000 rwxp b7eb7000 00:00 0 
b7eb8000-b7ecd000 r-xp 00000000 08:02 981143     /lib/i686/cmov/libpthread-2.7.so
b7ecd000-b7ecf000 rwxp 00014000 08:02 981143     /lib/i686/cmov/libpthread-2.7.so
b7ecf000-b7ed1000 rwxp b7ecf000 00:00 0 
b7ed1000-b7ed9000 rwxs 00000000 08:02 526135     /tmp/hsperfdata_iamedu/12532
b7ed9000-b7ee0000 r-xp 00000000 08:02 981134     /lib/i686/cmov/libnss_compat-2.7.so
b7ee0000-b7ee2000 rwxp 00006000 08:02 981134     /lib/i686/cmov/libnss_compat-2.7.so
b7ee2000-b7ee8000 r-xp 00000000 08:02 622325     /usr/lib/jvm/java-6-sun-1.6.0.12/jre/lib/i386/native_threads/libhpi.so
b7ee8000-b7ee9000 rwxp 00006000 08:02 622325     /usr/lib/jvm/java-6-sun-1.6.0.12/jre/lib/i386/native_threads/libhpi.so
b7ee9000-b7eea000 rwxp b7ee9000 00:00 0 
b7eea000-b7eeb000 r-xp b7eea000 00:00 0 
b7eeb000-b7eed000 rwxp b7eeb000 00:00 0 
b7eed000-b7eee000 r-xp b7eed000 00:00 0          [vdso]
b7eee000-b7f08000 r-xp 00000000 08:02 973275     /lib/ld-2.7.so
b7f08000-b7f0a000 rwxp 0001a000 08:02 973275     /lib/ld-2.7.so
bfbf5000-bfc0a000 rwxp bffeb000 00:00 0          [stack]

VM Arguments:
java_command: tablalr1.Main
Launcher Type: SUN_STANDARD

Environment Variables:
PATH=/home/iamedu/bin:/opt/OpenPrinting-Gutenprint/sbin:/opt/OpenPrinting-Gutenprint/bin:/usr/local/bin:/usr/bin:/bin:/usr/games
USERNAME=iamedu
LD_LIBRARY_PATH=/usr/lib/jvm/java-6-sun-1.6.0.12/jre/lib/i386/client:/usr/lib/jvm/java-6-sun-1.6.0.12/jre/lib/i386:/usr/lib/jvm/java-6-sun-1.6.0.12/jre/../lib/i386
SHELL=/bin/bash
DISPLAY=:0.0

Signal Handlers:
SIGSEGV: [libjvm.so+0x3cd180], sa_mask[0]=0x7ffbfeff, sa_flags=0x10000004
SIGBUS: [libjvm.so+0x3cd180], sa_mask[0]=0x7ffbfeff, sa_flags=0x10000004
SIGFPE: [libjvm.so+0x30ea50], sa_mask[0]=0x7ffbfeff, sa_flags=0x10000004
SIGPIPE: SIG_IGN, sa_mask[0]=0x00001000, sa_flags=0x10000000
SIGXFSZ: [libjvm.so+0x30ea50], sa_mask[0]=0x7ffbfeff, sa_flags=0x10000004
SIGILL: [libjvm.so+0x30ea50], sa_mask[0]=0x7ffbfeff, sa_flags=0x10000004
SIGUSR1: SIG_DFL, sa_mask[0]=0x00000000, sa_flags=0x00000000
SIGUSR2: [libjvm.so+0x310f20], sa_mask[0]=0x00000004, sa_flags=0x10000004
SIGHUP: [libjvm.so+0x310cc0], sa_mask[0]=0x7ffbfeff, sa_flags=0x10000004
SIGINT: SIG_IGN, sa_mask[0]=0x00000000, sa_flags=0x00000000
SIGTERM: [libjvm.so+0x310cc0], sa_mask[0]=0x7ffbfeff, sa_flags=0x10000004
SIGQUIT: [libjvm.so+0x310cc0], sa_mask[0]=0x7ffbfeff, sa_flags=0x10000004


---------------  S Y S T E M  ---------------

OS:5.0.1

uname:Linux 2.6.26-2-686 #1 SMP Thu May 28 15:39:35 UTC 2009 i686
libc:glibc 2.7 NPTL 2.7 
rlimit: STACK 8192k, CORE 0k, NPROC 8104, NOFILE 1024, AS infinity
load average:1.72 1.61 1.37

CPU:total 2 (1 cores per cpu, 2 threads per core) family 6 model 12 stepping 2, cmov, cx8, fxsr, mmx, sse, sse2, sse3, ssse3, ht

Memory: 4k page, physical 1024216k(16924k free), swap 2634652k(2634652k free)

vm_info: Java HotSpot(TM) Client VM (11.2-b01) for linux-x86 JRE (1.6.0_12-b04), built on Jan 17 2009 02:00:28 by "java_re" with gcc 3.2.1-7a (J2SE release)

time: Sun Jun  7 21:21:48 2009
elapsed time: 3 seconds

